nohup: ignoring input
Epoch1 Train Loss: 0.021225918352321873
Epoch1 Val Loss: 0.019562067525345974
New best test loss!


Epoch2 Train Loss: 0.018637330122644593
Epoch2 Val Loss: 0.01797507984050806
New best test loss!


Epoch3 Train Loss: 0.01711319680164101
Epoch3 Val Loss: 0.016489947973032715
New best test loss!


Epoch4 Train Loss: 0.015693900293497258
Epoch4 Val Loss: 0.015032538744143661
New best test loss!


Epoch5 Train Loss: 0.014341842968381166
Epoch5 Val Loss: 0.013863253970391193
New best test loss!


Epoch6 Train Loss: 0.013061999849246504
Epoch6 Val Loss: 0.012434369333490868
New best test loss!


Epoch7 Train Loss: 0.01183293971471042
Epoch7 Val Loss: 0.011203346162916643
New best test loss!


Epoch8 Train Loss: 0.010642629068591617
Epoch8 Val Loss: 0.010009919780359281
New best test loss!


Epoch9 Train Loss: 0.0095359868590341
Epoch9 Val Loss: 0.008952360104509336
New best test loss!


Epoch10 Train Loss: 0.008521998532069407
Epoch10 Val Loss: 0.008051761525421745
New best test loss!


Epoch11 Train Loss: 0.007606343627681115
Epoch11 Val Loss: 0.007177019366633751
New best test loss!


Epoch12 Train Loss: 0.00676021893164995
Epoch12 Val Loss: 0.006246595593152153
New best test loss!


Epoch13 Train Loss: 0.00600784511455226
Epoch13 Val Loss: 0.005458310059957667
New best test loss!


Epoch14 Train Loss: 0.005306049198064988
Epoch14 Val Loss: 0.004808009711335927
New best test loss!


Epoch15 Train Loss: 0.004698126756935748
Epoch15 Val Loss: 0.004251200877552133
New best test loss!


Epoch16 Train Loss: 0.004151323372762568
Epoch16 Val Loss: 0.0037058764609737673
New best test loss!


Epoch17 Train Loss: 0.00366159033130161
Epoch17 Val Loss: 0.003201489627596889
New best test loss!


Epoch18 Train Loss: 0.0032100948070290527
Epoch18 Val Loss: 0.0027988156370023494
New best test loss!


Epoch19 Train Loss: 0.0028453690384746726
Epoch19 Val Loss: 0.0025439265580438027
New best test loss!


Epoch20 Train Loss: 0.0024839249742143912
Epoch20 Val Loss: 0.0021598457514611473
New best test loss!


Epoch21 Train Loss: 0.0022131963088015557
Epoch21 Val Loss: 0.0018654727476387627
New best test loss!


Epoch22 Train Loss: 0.0019613709222901414
Epoch22 Val Loss: 0.0016624990541473207
New best test loss!


Epoch23 Train Loss: 0.001732915011895615
Epoch23 Val Loss: 0.0016081729101333694
New best test loss!


Epoch24 Train Loss: 0.001532404202812172
Epoch24 Val Loss: 0.0013398129630426488
New best test loss!


Epoch25 Train Loss: 0.001369158340594511
Epoch25 Val Loss: 0.0011392540576940155
New best test loss!


Epoch26 Train Loss: 0.001226852446712248
Epoch26 Val Loss: 0.00118448505023487


Epoch27 Train Loss: 0.0011052280537378666
Epoch27 Val Loss: 0.0010197845990714347
New best test loss!


Epoch28 Train Loss: 0.0009997232991552762
Epoch28 Val Loss: 0.0009700768530290275
New best test loss!


Epoch29 Train Loss: 0.0009064802718539766
Epoch29 Val Loss: 0.0007990102402679377
New best test loss!


Epoch30 Train Loss: 0.0008313503535390958
Epoch30 Val Loss: 0.0007520745568497693
New best test loss!


Epoch31 Train Loss: 0.0007523809277969603
Epoch31 Val Loss: 0.0006541778629201517
New best test loss!


Epoch32 Train Loss: 0.0006938975260112646
Epoch32 Val Loss: 0.0007580888552078302


Epoch33 Train Loss: 0.0006393761007917299
Epoch33 Val Loss: 0.000666447812065541


Epoch34 Train Loss: 0.0006029451390425748
Epoch34 Val Loss: 0.0007056298436246057


Epoch35 Train Loss: 0.0005580641711953357
Epoch35 Val Loss: 0.0005588099772751095
New best test loss!


Epoch36 Train Loss: 0.0005330218236866974
Epoch36 Val Loss: 0.0005461432282691417
New best test loss!


Epoch37 Train Loss: 0.0004944595612206552
Epoch37 Val Loss: 0.0005943276937830118


Epoch38 Train Loss: 0.00047252276889011793
Epoch38 Val Loss: 0.0006079538142473016


Epoch39 Train Loss: 0.00043746696249655323
Epoch39 Val Loss: 0.0006175971042723131


Epoch40 Train Loss: 0.00041784723891585785
Epoch40 Val Loss: 0.0006782951628561076


Epoch41 Train Loss: 0.00041063758594201354
Epoch41 Val Loss: 0.000453892340012415
New best test loss!


Epoch42 Train Loss: 0.0003862798799156896
Epoch42 Val Loss: 0.0005127188242844285


Epoch43 Train Loss: 0.00037845523987730745
Epoch43 Val Loss: 0.000505117157152676


Epoch44 Train Loss: 0.00036729258052345176
Epoch44 Val Loss: 0.0005789237564407554


Epoch45 Train Loss: 0.00035339927874899937
Epoch45 Val Loss: 0.0005557471186864989


Epoch46 Train Loss: 0.0003411294506184833
Epoch46 Val Loss: 0.0005290874259175833


Epoch47 Train Loss: 0.0003310904973702526
Epoch47 Val Loss: 0.0005216066601621146


Epoch48 Train Loss: 0.000332297310042151
Epoch48 Val Loss: 0.00048420308292775917


Epoch49 Train Loss: 0.00031319537007874933
Epoch49 Val Loss: 0.0006445253492432386


Lr changed to 1.0000000000000002e-06
Epoch50 Train Loss: 0.00027470878720278367
Epoch50 Val Loss: 0.000511808432540482


Epoch51 Train Loss: 0.0002676858552700358
Epoch51 Val Loss: 0.0005259897255575547


Epoch52 Train Loss: 0.00026349826250041683
Epoch52 Val Loss: 0.00048190808998560715


Epoch53 Train Loss: 0.00025176504458949316
Epoch53 Val Loss: 0.0005414231345351977


Epoch54 Train Loss: 0.0002516958934705916
Epoch54 Val Loss: 0.0005192495238315682


Epoch55 Train Loss: 0.0002420067895965486
Epoch55 Val Loss: 0.0005370775367745612


Epoch56 Train Loss: 0.0002445779060990361
Epoch56 Val Loss: 0.0005301135912419779


Epoch57 Train Loss: 0.00024019975105896577
Epoch57 Val Loss: 0.0005077608334629432


Epoch58 Train Loss: 0.00023756010689418645
Epoch58 Val Loss: 0.0005150020934827871


Epoch59 Train Loss: 0.0002376853419436224
Epoch59 Val Loss: 0.0005326468843539712


Epoch60 Train Loss: 0.00023427380716034479
Epoch60 Val Loss: 0.0005573709188605878


Epoch61 Train Loss: 0.0002336343125176134
Epoch61 Val Loss: 0.0005335923718664014


Epoch62 Train Loss: 0.00022784992531918824
Epoch62 Val Loss: 0.0005399400536437201


Epoch63 Train Loss: 0.00022808884086685213
Epoch63 Val Loss: 0.0005272779649317422


Epoch64 Train Loss: 0.0002292811447880833
Epoch64 Val Loss: 0.0005606040094730018


Epoch65 Train Loss: 0.00022338682062441353
Epoch65 Val Loss: 0.000542462070267623


Epoch66 Train Loss: 0.00023001136093628842
Epoch66 Val Loss: 0.0005813627184782182


Epoch67 Train Loss: 0.00021809129437269374
Epoch67 Val Loss: 0.0005153577126886534


Epoch68 Train Loss: 0.00022279240271500355
Epoch68 Val Loss: 0.0005712394206263174


Epoch69 Train Loss: 0.00022339460334444217
Epoch69 Val Loss: 0.0005197947389631482


Epoch70 Train Loss: 0.0002219589334913149
Epoch70 Val Loss: 0.0005333412399365811


Epoch71 Train Loss: 0.00022006874276008913
Epoch71 Val Loss: 0.0005596683701753067


Epoch72 Train Loss: 0.00021663255324065378
Epoch72 Val Loss: 0.0005308976605514921


Epoch73 Train Loss: 0.0002191933255750254
Epoch73 Val Loss: 0.000580647251076692


Epoch74 Train Loss: 0.0002140801113475465
Epoch74 Val Loss: 0.0005357823413164798


Epoch75 Train Loss: 0.00021200226393527547
Epoch75 Val Loss: 0.0005881287628718516


Epoch76 Train Loss: 0.000214682862158734
Epoch76 Val Loss: 0.0005420396479928918


Epoch77 Train Loss: 0.0002119304477317958
Epoch77 Val Loss: 0.0005829564537435809


Epoch78 Train Loss: 0.0002055158969321529
Epoch78 Val Loss: 0.0005809798185150378


Epoch79 Train Loss: 0.0002136556772266923
Epoch79 Val Loss: 0.0005915585496709516


Epoch80 Train Loss: 0.00020879320448212332
Epoch80 Val Loss: 0.0005712886880813302


Epoch81 Train Loss: 0.00020237674903875945
Epoch81 Val Loss: 0.0005850517086694521


Epoch82 Train Loss: 0.00020507303924426109
Epoch82 Val Loss: 0.0005991247394251022


Epoch83 Train Loss: 0.00020648164715082092
Epoch83 Val Loss: 0.0005485639810483603


Epoch84 Train Loss: 0.00020608451065558893
Epoch84 Val Loss: 0.0005342356016434857


Epoch85 Train Loss: 0.00020179464553612468
Epoch85 Val Loss: 0.0005707831928145744


Epoch86 Train Loss: 0.00020544340651135667
Epoch86 Val Loss: 0.0005402216922162943


Epoch87 Train Loss: 0.00020236711173910685
Epoch87 Val Loss: 0.0005873575369791865


Epoch88 Train Loss: 0.00020188080430923584
Epoch88 Val Loss: 0.0005760455009563088


Epoch89 Train Loss: 0.00020042483644631224
Epoch89 Val Loss: 0.0006013219514726728


Epoch90 Train Loss: 0.0001983303377892872
Epoch90 Val Loss: 0.0006070495442007527


Epoch91 Train Loss: 0.00019872255321353938
Epoch91 Val Loss: 0.0005794151419864498


Epoch92 Train Loss: 0.0001970309981920577
Epoch92 Val Loss: 0.000560442231747669


Epoch93 Train Loss: 0.000194546037670504
Epoch93 Val Loss: 0.0006361188420998877


Epoch94 Train Loss: 0.00019551116707784341
Epoch94 Val Loss: 0.0005993763137024696


Epoch95 Train Loss: 0.00019547799159625798
Epoch95 Val Loss: 0.0006242195292767407


Epoch96 Train Loss: 0.00019240278417570662
Epoch96 Val Loss: 0.000584074164764055


Epoch97 Train Loss: 0.00019461884711105567
Epoch97 Val Loss: 0.0005551820463833444


Epoch98 Train Loss: 0.0001934332526831525
Epoch98 Val Loss: 0.0005994308377924094


Epoch99 Train Loss: 0.00019267635745064677
Epoch99 Val Loss: 0.0005836152196745235


Lr changed to 1.0000000000000002e-07
Epoch100 Train Loss: 0.00018928424216840307
Epoch100 Val Loss: 0.0005844241064606291


Epoch101 Train Loss: 0.0001906274481973433
Epoch101 Val Loss: 0.0005809720783532451


Epoch102 Train Loss: 0.0001880268442274838
Epoch102 Val Loss: 0.0005759349833972683


Epoch103 Train Loss: 0.00019039736065856763
Epoch103 Val Loss: 0.0005835113336475706


Epoch104 Train Loss: 0.00018703719285070346
Epoch104 Val Loss: 0.0005692347033840159


Epoch105 Train Loss: 0.00018397262541644058
Epoch105 Val Loss: 0.0005869616113838706


Epoch106 Train Loss: 0.00018586507566302224
Epoch106 Val Loss: 0.0005904080239474303


Epoch107 Train Loss: 0.00018979513576369562
Epoch107 Val Loss: 0.0005858364816858127


Epoch108 Train Loss: 0.000187696214224181
Epoch108 Val Loss: 0.0005916480443714007


Epoch109 Train Loss: 0.00019075243324303943
Epoch109 Val Loss: 0.0005981809262073401


Epoch110 Train Loss: 0.00018280540435605796
Epoch110 Val Loss: 0.0005986604947542799


Epoch111 Train Loss: 0.0001856975131754452
Epoch111 Val Loss: 0.0005829394733648605


Epoch112 Train Loss: 0.00019041111780510853
Epoch112 Val Loss: 0.0005814000879499046


Epoch113 Train Loss: 0.00018555093398269954
Epoch113 Val Loss: 0.0005866860239539536


Epoch114 Train Loss: 0.00018909832036944564
Epoch114 Val Loss: 0.0005703939423112295


Epoch115 Train Loss: 0.0001885759086968386
Epoch115 Val Loss: 0.0005828664203730261


Epoch116 Train Loss: 0.00018755008971222385
Epoch116 Val Loss: 0.0005998839526062976


Epoch117 Train Loss: 0.00018703906817024954
Epoch117 Val Loss: 0.0005836042149755638


Epoch118 Train Loss: 0.00018510953186963807
Epoch118 Val Loss: 0.0005812994069487288


Epoch119 Train Loss: 0.0001846850580294001
Epoch119 Val Loss: 0.0005942387518636166


Epoch120 Train Loss: 0.00018491362645380765
Epoch120 Val Loss: 0.0005906811069908192


Epoch121 Train Loss: 0.00018667845673435324
Epoch121 Val Loss: 0.0005850002945097696


Epoch122 Train Loss: 0.0001851991783672935
Epoch122 Val Loss: 0.0005885961058160611


Epoch123 Train Loss: 0.00018770668422160613
Epoch123 Val Loss: 0.0005888234147843715


Epoch124 Train Loss: 0.0001875316094833794
Epoch124 Val Loss: 0.0005949870756875149


Epoch125 Train Loss: 0.00018488743780347905
Epoch125 Val Loss: 0.0005832949533018042


Epoch126 Train Loss: 0.00018930373948316417
Epoch126 Val Loss: 0.0005929150676283598


Epoch127 Train Loss: 0.00018332351454679064
Epoch127 Val Loss: 0.0005814837855047624


Epoch128 Train Loss: 0.00018671074616037858
Epoch128 Val Loss: 0.0005938490725101533


Epoch129 Train Loss: 0.0001879674969106062
Epoch129 Val Loss: 0.0005873971819946339


Epoch130 Train Loss: 0.00018444047893371069
Epoch130 Val Loss: 0.0005869307341753494


Epoch131 Train Loss: 0.00018645874615714589
Epoch131 Val Loss: 0.0005987614113469369


Epoch132 Train Loss: 0.00018542825947816805
Epoch132 Val Loss: 0.0005912705464472648


Epoch133 Train Loss: 0.00018480205013268343
Epoch133 Val Loss: 0.0005782184053619782


Epoch134 Train Loss: 0.0001881870331196041
Epoch134 Val Loss: 0.0005852484797055149


Epoch135 Train Loss: 0.00018632189921415204
Epoch135 Val Loss: 0.0005927507572946027


Epoch136 Train Loss: 0.0001826976952867396
Epoch136 Val Loss: 0.0005992071424538517


Epoch137 Train Loss: 0.00018354822161590183
Epoch137 Val Loss: 0.0005900675893487588


Epoch138 Train Loss: 0.0001843758555376507
Epoch138 Val Loss: 0.0005811036249060719


Epoch139 Train Loss: 0.0001863548964967478
Epoch139 Val Loss: 0.0006007576141658586


Epoch140 Train Loss: 0.00018569596526940126
Epoch140 Val Loss: 0.0005911512083186227


Epoch141 Train Loss: 0.0001861029480862518
Epoch141 Val Loss: 0.0005876056737068927


Epoch142 Train Loss: 0.00018048816546816114
Epoch142 Val Loss: 0.0006052940170991091


Epoch143 Train Loss: 0.0001850177858817892
Epoch143 Val Loss: 0.000591622477787521


Epoch144 Train Loss: 0.0001868082259448204
Epoch144 Val Loss: 0.0006163659019638662


Epoch145 Train Loss: 0.00018412782653862513
Epoch145 Val Loss: 0.0005954813674749986


Epoch146 Train Loss: 0.00018355250053083132
Epoch146 Val Loss: 0.0006061207487128861


Epoch147 Train Loss: 0.00018767290041717328
Epoch147 Val Loss: 0.0005947180007669059


Epoch148 Train Loss: 0.00018629961496432774
Epoch148 Val Loss: 0.0005994792322091984


Epoch149 Train Loss: 0.00018185589727436998
Epoch149 Val Loss: 0.0005913501512136542


Lr changed to 1.0000000000000002e-08
Epoch150 Train Loss: 0.00018335411591622068
Epoch150 Val Loss: 0.000586522736357174


Epoch151 Train Loss: 0.0001837281719147968
Epoch151 Val Loss: 0.0005957877983698653


Epoch152 Train Loss: 0.00018089924700407983
Epoch152 Val Loss: 0.000595060212117999


Epoch153 Train Loss: 0.00018623515125258485
Epoch153 Val Loss: 0.0005887159617551466


Epoch154 Train Loss: 0.0001808615342146689
Epoch154 Val Loss: 0.0005871622886984794


Epoch155 Train Loss: 0.00018353241822907806
Epoch155 Val Loss: 0.0006019804664741471


Epoch156 Train Loss: 0.00018171766285445947
Epoch156 Val Loss: 0.0005885381730118759


Epoch157 Train Loss: 0.00018389721317763942
Epoch157 Val Loss: 0.000586945521835439


Epoch158 Train Loss: 0.00018307723050831659
Epoch158 Val Loss: 0.0005843731174699482


Epoch159 Train Loss: 0.00018551299990318592
Epoch159 Val Loss: 0.0005842550168101025


Epoch160 Train Loss: 0.00018201051279443406
Epoch160 Val Loss: 0.0006068913279560165


Epoch161 Train Loss: 0.0001819207650347288
Epoch161 Val Loss: 0.0005927654750134712


Epoch162 Train Loss: 0.00018278148539594964
Epoch162 Val Loss: 0.0005898749503664113


Epoch163 Train Loss: 0.00018270312707371016
Epoch163 Val Loss: 0.000589269577809002


Epoch164 Train Loss: 0.000183171103095613
Epoch164 Val Loss: 0.000589838531849923


Epoch165 Train Loss: 0.0001835552619357758
Epoch165 Val Loss: 0.0005969059498973279


Epoch166 Train Loss: 0.00018533081871535253
Epoch166 Val Loss: 0.0005936134436041392


Epoch167 Train Loss: 0.00017914159309692984
Epoch167 Val Loss: 0.0005892949934670891


Epoch168 Train Loss: 0.000181170670855559
Epoch168 Val Loss: 0.0005917748815486789


Epoch169 Train Loss: 0.00017955543751134654
Epoch169 Val Loss: 0.000598818572343613


Epoch170 Train Loss: 0.00018200757111558964
Epoch170 Val Loss: 0.0005940142699930822


Epoch171 Train Loss: 0.0001827148188903343
Epoch171 Val Loss: 0.000594826553836563


Epoch172 Train Loss: 0.00018390044239682016
Epoch172 Val Loss: 0.0005899864740974033


Epoch173 Train Loss: 0.00018102823700998213
Epoch173 Val Loss: 0.000588656632580619


Epoch174 Train Loss: 0.00018248972943866456
Epoch174 Val Loss: 0.0005965119568883823


Epoch175 Train Loss: 0.00017933867894622058
Epoch175 Val Loss: 0.0006054298908048468


Epoch176 Train Loss: 0.00019006293165515475
Epoch176 Val Loss: 0.0006015107338715526


Epoch177 Train Loss: 0.00018074711833517538
Epoch177 Val Loss: 0.000592655210837977


Epoch178 Train Loss: 0.00018201682155005112
Epoch178 Val Loss: 0.0005985991317626673


Epoch179 Train Loss: 0.00018237156927563934
Epoch179 Val Loss: 0.0005921202531386269


Epoch180 Train Loss: 0.00018402942766761188
Epoch180 Val Loss: 0.0006036342916781958


Epoch181 Train Loss: 0.00018292101621706765
Epoch181 Val Loss: 0.0005949061935735629


Epoch182 Train Loss: 0.00018595791973288566
Epoch182 Val Loss: 0.0005867010294134595


Epoch183 Train Loss: 0.00018350045703137028
Epoch183 Val Loss: 0.0006056028842798413


Epoch184 Train Loss: 0.00018089917015206444
Epoch184 Val Loss: 0.0005938534818746748


Epoch185 Train Loss: 0.00018552902946211927
Epoch185 Val Loss: 0.0005902541618504622


Epoch186 Train Loss: 0.00018142887471208485
Epoch186 Val Loss: 0.0006029654511438292


Epoch187 Train Loss: 0.00018351709402029693
Epoch187 Val Loss: 0.0005911027531634049


Epoch188 Train Loss: 0.00018410102335219446
Epoch188 Val Loss: 0.0006039339069851302


Epoch189 Train Loss: 0.0001859307241933097
Epoch189 Val Loss: 0.0005949438538534839


Epoch190 Train Loss: 0.00018403733166660717
Epoch190 Val Loss: 0.0005992677802654358


Epoch191 Train Loss: 0.00018531876503115693
Epoch191 Val Loss: 0.0005962828969354686


Epoch192 Train Loss: 0.000181856744436838
Epoch192 Val Loss: 0.0006063358106052844


Epoch193 Train Loss: 0.0001804538673292684
Epoch193 Val Loss: 0.0005892144506294109


Epoch194 Train Loss: 0.0001843768303851415
Epoch194 Val Loss: 0.0005952484963390589


Epoch195 Train Loss: 0.00018552542785621448
Epoch195 Val Loss: 0.00058838640731098


Epoch196 Train Loss: 0.0001819485723056055
Epoch196 Val Loss: 0.0005939161614790971


Epoch197 Train Loss: 0.00018409470895484122
Epoch197 Val Loss: 0.0006002896626103222


Epoch198 Train Loss: 0.00018190814189553004
Epoch198 Val Loss: 0.000610853515305263


Epoch199 Train Loss: 0.00018477453301643824
Epoch199 Val Loss: 0.0005897742429838978


Epoch200 Train Loss: 0.00018153212170743852
Epoch200 Val Loss: 0.0005967656410592504


Saved plots
