nohup: ignoring input
Epoch1 Train Loss: 0.019035041614285778
Epoch1 Val Loss: 0.01392796050575568
New best test loss!


Epoch2 Train Loss: 0.014690454771348543
Epoch2 Val Loss: 0.011311710077155092
New best test loss!


Epoch3 Train Loss: 0.012940333790089993
Epoch3 Val Loss: 0.010016151960345282
New best test loss!


Epoch4 Train Loss: 0.011716255951049952
Epoch4 Val Loss: 0.009229298931336685
New best test loss!


Epoch5 Train Loss: 0.01058891675661227
Epoch5 Val Loss: 0.008546569209167923
New best test loss!


Epoch6 Train Loss: 0.009638579494146518
Epoch6 Val Loss: 0.00794293506657496
New best test loss!


Epoch7 Train Loss: 0.008944164565544022
Epoch7 Val Loss: 0.00771383322745915
New best test loss!


Epoch8 Train Loss: 0.008455711027918741
Epoch8 Val Loss: 0.007644915553263839
New best test loss!


Epoch9 Train Loss: 0.008200452254045084
Epoch9 Val Loss: 0.007646478211926848


Epoch10 Train Loss: 0.008091486257145458
Epoch10 Val Loss: 0.007715706611653404


Epoch11 Train Loss: 0.008020631050579367
Epoch11 Val Loss: 0.007725564976454723


Epoch12 Train Loss: 0.007975884962956236
Epoch12 Val Loss: 0.007745935845437885


Epoch13 Train Loss: 0.00795823904371318
Epoch13 Val Loss: 0.00769670969255671


Epoch14 Train Loss: 0.007928595631398049
Epoch14 Val Loss: 0.007678487044863393


Epoch15 Train Loss: 0.007912651424175745
Epoch15 Val Loss: 0.007732872042574273


Epoch16 Train Loss: 0.00787436504986384
Epoch16 Val Loss: 0.007690002972429449


Epoch17 Train Loss: 0.007857348554259408
Epoch17 Val Loss: 0.007704495029015975


Epoch18 Train Loss: 0.007866209228332111
Epoch18 Val Loss: 0.00765256051646548


Epoch19 Train Loss: 0.007819306400930657
Epoch19 Val Loss: 0.007823408729788185


Epoch20 Train Loss: 0.007779813140677729
Epoch20 Val Loss: 0.007863277247928976


Epoch21 Train Loss: 0.007726039570588795
Epoch21 Val Loss: 0.007720871778187859


Epoch22 Train Loss: 0.007645527602464243
Epoch22 Val Loss: 0.007743789705206126


Epoch23 Train Loss: 0.007530363733154554
Epoch23 Val Loss: 0.007639681613649461
New best test loss!


Epoch24 Train Loss: 0.007418726609097294
Epoch24 Val Loss: 0.00771534264244738


Epoch25 Train Loss: 0.007213010347509986
Epoch25 Val Loss: 0.007849525851694492


Epoch26 Train Loss: 0.007022519548326636
Epoch26 Val Loss: 0.00797333981601303


Epoch27 Train Loss: 0.006810907990751018
Epoch27 Val Loss: 0.007986158309246712


Epoch28 Train Loss: 0.006513750181189659
Epoch28 Val Loss: 0.008117251854011978


Epoch29 Train Loss: 0.006332538553957213
Epoch29 Val Loss: 0.008543262937951622


Epoch30 Train Loss: 0.006035632312250815
Epoch30 Val Loss: 0.008342512001004929


Epoch31 Train Loss: 0.005762158276084282
Epoch31 Val Loss: 0.008503501103486626


Epoch32 Train Loss: 0.0054767681561904
Epoch32 Val Loss: 0.008603161326038979


Epoch33 Train Loss: 0.005258217385796718
Epoch33 Val Loss: 0.008902620558525106


Epoch34 Train Loss: 0.004973792748625628
Epoch34 Val Loss: 0.00974500763361319


Epoch35 Train Loss: 0.004705629968128464
Epoch35 Val Loss: 0.010304737605439188


Epoch36 Train Loss: 0.004548851031610266
Epoch36 Val Loss: 0.009443500767583433


Epoch37 Train Loss: 0.004299973230221388
Epoch37 Val Loss: 0.01016263844388904


Epoch38 Train Loss: 0.004120559009138718
Epoch38 Val Loss: 0.009658190415624887


Epoch39 Train Loss: 0.003921791664339391
Epoch39 Val Loss: 0.010790250459207376


Epoch40 Train Loss: 0.003751681257209708
Epoch40 Val Loss: 0.011170467153211199


Epoch41 Train Loss: 0.0036260788953254935
Epoch41 Val Loss: 0.009942910043775486


Epoch42 Train Loss: 0.003428928053435467
Epoch42 Val Loss: 0.012082488856453827


Epoch43 Train Loss: 0.0033024828732660045
Epoch43 Val Loss: 0.01089383526281877


Epoch44 Train Loss: 0.0032382373712745373
Epoch44 Val Loss: 0.010223147269137135


Epoch45 Train Loss: 0.0029588289209274274
Epoch45 Val Loss: 0.012205020594502626


Epoch46 Train Loss: 0.003079282487110949
Epoch46 Val Loss: 0.012210626415270277


Epoch47 Train Loss: 0.0027726997301123495
Epoch47 Val Loss: 0.012946892230328522


Epoch48 Train Loss: 0.0028405681469886087
Epoch48 Val Loss: 0.013808591877833029


Epoch49 Train Loss: 0.0025900502837548026
Epoch49 Val Loss: 0.011899010446388887


Lr changed to 1e-05
Epoch50 Train Loss: 0.0021927710862724515
Epoch50 Val Loss: 0.013917196910136303


Epoch51 Train Loss: 0.0019960877625859264
Epoch51 Val Loss: 0.01493961517165301


Epoch52 Train Loss: 0.0019019268719003498
Epoch52 Val Loss: 0.014576401419162123


Epoch53 Train Loss: 0.0018398362413865488
Epoch53 Val Loss: 0.014108342419185814


Epoch54 Train Loss: 0.0018152206662413592
Epoch54 Val Loss: 0.013821512657034853


Epoch55 Train Loss: 0.001759778508881242
Epoch55 Val Loss: 0.013975882522359352


Epoch56 Train Loss: 0.0017860085354553835
Epoch56 Val Loss: 0.013654803363937634


Epoch57 Train Loss: 0.001714072608438905
Epoch57 Val Loss: 0.013190865055295946


Epoch58 Train Loss: 0.0016980899046894974
Epoch58 Val Loss: 0.01413400683242813


Epoch59 Train Loss: 0.0016739406351188098
Epoch59 Val Loss: 0.013119951322458792


Epoch60 Train Loss: 0.0016709084704823862
Epoch60 Val Loss: 0.013723300526971403


Epoch61 Train Loss: 0.0016433565153913684
Epoch61 Val Loss: 0.013265686485135979


Epoch62 Train Loss: 0.0016220649340768765
Epoch62 Val Loss: 0.013732758062316181


Epoch63 Train Loss: 0.0015942646440982302
Epoch63 Val Loss: 0.014403711763923504


Epoch64 Train Loss: 0.0015718778684935077
Epoch64 Val Loss: 0.013682418248870155


Epoch65 Train Loss: 0.0015574604338211263
Epoch65 Val Loss: 0.0135333248376061


Epoch66 Train Loss: 0.0015523716982906502
Epoch66 Val Loss: 0.013219033815801065


Epoch67 Train Loss: 0.0015171188114898439
Epoch67 Val Loss: 0.013758457598321836


Epoch68 Train Loss: 0.0014986560190072993
Epoch68 Val Loss: 0.013316944290605301


Epoch69 Train Loss: 0.0014927137300095959
Epoch69 Val Loss: 0.013754789939589495


Epoch70 Train Loss: 0.0014739738974855385
Epoch70 Val Loss: 0.012843431711039839


Epoch71 Train Loss: 0.0014535780393809363
Epoch71 Val Loss: 0.01426518939150809


Epoch72 Train Loss: 0.0014274402011085995
Epoch72 Val Loss: 0.013694702572777023


Epoch73 Train Loss: 0.0014274700072502912
Epoch73 Val Loss: 0.013148526252494028


Epoch74 Train Loss: 0.0014057205783567547
Epoch74 Val Loss: 0.013670603179020687


Epoch75 Train Loss: 0.0013920566291116437
Epoch75 Val Loss: 0.013283654193397568


Epoch76 Train Loss: 0.0013823378092994215
Epoch76 Val Loss: 0.013411563464068613


Epoch77 Train Loss: 0.0013583248154310163
Epoch77 Val Loss: 0.013635393796545086


Epoch78 Train Loss: 0.0013412423142487601
Epoch78 Val Loss: 0.012972705478489163


Epoch79 Train Loss: 0.0013367978554830095
Epoch79 Val Loss: 0.01357401843637974


Epoch80 Train Loss: 0.0013437151208913617
Epoch80 Val Loss: 0.013924365291403845


Epoch81 Train Loss: 0.0013044149619277437
Epoch81 Val Loss: 0.013758604283467897


Epoch82 Train Loss: 0.001293328423376198
Epoch82 Val Loss: 0.013301763963322395


Epoch83 Train Loss: 0.0012895582907771462
Epoch83 Val Loss: 0.012969122387282305


Epoch84 Train Loss: 0.0012693936051507055
Epoch84 Val Loss: 0.013737944078696732


Epoch85 Train Loss: 0.0012690786069570468
Epoch85 Val Loss: 0.012787508379486395


Epoch86 Train Loss: 0.001245834257773914
Epoch86 Val Loss: 0.014067007344073772


Epoch87 Train Loss: 0.0012427823333075558
Epoch87 Val Loss: 0.013933382604433142


Epoch88 Train Loss: 0.0012197957211100624
Epoch88 Val Loss: 0.013509375363470537


Epoch89 Train Loss: 0.0012136639731169358
Epoch89 Val Loss: 0.013660913448638439


Epoch90 Train Loss: 0.0011901433582561624
Epoch90 Val Loss: 0.013487586871830057


Epoch91 Train Loss: 0.0011842733639812432
Epoch91 Val Loss: 0.01331358761262831


Epoch92 Train Loss: 0.0011642701152641596
Epoch92 Val Loss: 0.013538403831648104


Epoch93 Train Loss: 0.001155479101916593
Epoch93 Val Loss: 0.013592789393796907


Epoch94 Train Loss: 0.0011444750298857571
Epoch94 Val Loss: 0.01304222810252696


Epoch95 Train Loss: 0.0011391668948080474
Epoch95 Val Loss: 0.01368069877462739


Epoch96 Train Loss: 0.0011419949956511498
Epoch96 Val Loss: 0.013266527605622183


Epoch97 Train Loss: 0.0011188431383677602
Epoch97 Val Loss: 0.013605858409122045


Epoch98 Train Loss: 0.0011109440659072944
Epoch98 Val Loss: 0.012520587226383299


Epoch99 Train Loss: 0.0011028452165283804
Epoch99 Val Loss: 0.013488295638985313


Lr changed to 1.0000000000000002e-06
Epoch100 Train Loss: 0.0010823675020368716
Epoch100 Val Loss: 0.01349657952628431


Epoch101 Train Loss: 0.0010744802954192464
Epoch101 Val Loss: 0.013587192358628248


Epoch102 Train Loss: 0.0010800853708012718
Epoch102 Val Loss: 0.01370962171254579


Epoch103 Train Loss: 0.0010679039855161535
Epoch103 Val Loss: 0.013963525484123405


Epoch104 Train Loss: 0.001060809216011104
Epoch104 Val Loss: 0.01359891228878451


Epoch105 Train Loss: 0.0010569447750660476
Epoch105 Val Loss: 0.013488818023829906


Epoch106 Train Loss: 0.0010501417598748808
Epoch106 Val Loss: 0.01370729576693222


Epoch107 Train Loss: 0.0010494397138245404
Epoch107 Val Loss: 0.013631154533981178


Epoch108 Train Loss: 0.0010429698368681342
Epoch108 Val Loss: 0.014288778862227564


Epoch109 Train Loss: 0.001051047842909967
Epoch109 Val Loss: 0.013392091150811539


Epoch110 Train Loss: 0.0010532376727336072
Epoch110 Val Loss: 0.014073199571671064


Epoch111 Train Loss: 0.0010583784164602307
Epoch111 Val Loss: 0.01305886387471625


Epoch112 Train Loss: 0.0010529722758768603
Epoch112 Val Loss: 0.013988408901788815


Epoch113 Train Loss: 0.0010503985631508807
Epoch113 Val Loss: 0.013226018366998991


Epoch114 Train Loss: 0.001049722810584335
Epoch114 Val Loss: 0.013764415706884563


Epoch115 Train Loss: 0.0010398030742688534
Epoch115 Val Loss: 0.013189924534837248


Epoch116 Train Loss: 0.0010436435596949834
Epoch116 Val Loss: 0.013960657678102787


Epoch117 Train Loss: 0.0010385751859387764
Epoch117 Val Loss: 0.01259491346256221


Epoch118 Train Loss: 0.0010460056195238294
Epoch118 Val Loss: 0.013697529773624205


Epoch119 Train Loss: 0.0010234922462228203
Epoch119 Val Loss: 0.013355489952762136


Epoch120 Train Loss: 0.0010366235874014486
Epoch120 Val Loss: 0.013542469654708355


Epoch121 Train Loss: 0.0010284988264691332
Epoch121 Val Loss: 0.013326591339664183


Epoch122 Train Loss: 0.0010350361693729807
Epoch122 Val Loss: 0.013669438699410053


Epoch123 Train Loss: 0.0010264516285508989
Epoch123 Val Loss: 0.013940594869522238


Epoch124 Train Loss: 0.0010434715964167441
Epoch124 Val Loss: 0.013515452838383802


Epoch125 Train Loss: 0.0010266709780432167
Epoch125 Val Loss: 0.013178555351315123


Epoch126 Train Loss: 0.0010225585204981008
Epoch126 Val Loss: 0.01368226451561228


Epoch127 Train Loss: 0.0010207282142399307
Epoch127 Val Loss: 0.014519449028926405


Epoch128 Train Loss: 0.001022924640625774
Epoch128 Val Loss: 0.014889829523360777


Epoch129 Train Loss: 0.0010181262811545975
Epoch129 Val Loss: 0.013862277708741516


Epoch130 Train Loss: 0.0010110403354535297
Epoch130 Val Loss: 0.013926657022262907


Epoch131 Train Loss: 0.0010145295442563808
Epoch131 Val Loss: 0.01387465593057816


Epoch132 Train Loss: 0.0010051879884560566
Epoch132 Val Loss: 0.01368014861452878


Epoch133 Train Loss: 0.001020169442582711
Epoch133 Val Loss: 0.013187143711154797


Epoch134 Train Loss: 0.0010089740256649627
Epoch134 Val Loss: 0.013452269583547853


Epoch135 Train Loss: 0.0010188389170697483
Epoch135 Val Loss: 0.014173213731158863


Epoch136 Train Loss: 0.0010018425227557117
Epoch136 Val Loss: 0.013224489226132357


Epoch137 Train Loss: 0.0010188812390704307
Epoch137 Val Loss: 0.014163452125742187


Epoch138 Train Loss: 0.001012435651785321
Epoch138 Val Loss: 0.01415471333583353


Epoch139 Train Loss: 0.0010118570581610295
Epoch139 Val Loss: 0.014258511501888355


Epoch140 Train Loss: 0.0009998936780466925
Epoch140 Val Loss: 0.013851317512030972


Epoch141 Train Loss: 0.0010098434219354242
Epoch141 Val Loss: 0.01361137922553834


Epoch142 Train Loss: 0.0009992768903547891
Epoch142 Val Loss: 0.013931425300589977


Epoch143 Train Loss: 0.0010034732338061632
Epoch143 Val Loss: 0.0138742751852954


Epoch144 Train Loss: 0.0009993256895644267
Epoch144 Val Loss: 0.013990733473118744


Epoch145 Train Loss: 0.0009953914876007814
Epoch145 Val Loss: 0.013295761543928556


Epoch146 Train Loss: 0.0010083693876195617
Epoch146 Val Loss: 0.01381299550472041


Epoch147 Train Loss: 0.000996638131687823
Epoch147 Val Loss: 0.013686113295112204


Epoch148 Train Loss: 0.0009933214638329314
Epoch148 Val Loss: 0.013289644823401028


Epoch149 Train Loss: 0.0009955936908789497
Epoch149 Val Loss: 0.01341753617930318


Lr changed to 1.0000000000000002e-07
Epoch150 Train Loss: 0.0009973500869589437
Epoch150 Val Loss: 0.014054700535904905


Epoch151 Train Loss: 0.0009983460306871553
Epoch151 Val Loss: 0.01363883849738929


Epoch152 Train Loss: 0.0009932330625545974
Epoch152 Val Loss: 0.013397107718019146


Epoch153 Train Loss: 0.0009969424409351137
Epoch153 Val Loss: 0.014007850872826357


Epoch154 Train Loss: 0.0009862907981494154
Epoch154 Val Loss: 0.013736499804753088


Epoch155 Train Loss: 0.0009875562058156502
Epoch155 Val Loss: 0.013532586660780926


Epoch156 Train Loss: 0.0009880130432622525
Epoch156 Val Loss: 0.014015431519553595


Epoch157 Train Loss: 0.0009940241659956188
Epoch157 Val Loss: 0.013560198384861073


Epoch158 Train Loss: 0.000990575366493385
Epoch158 Val Loss: 0.013777484741842323


Epoch159 Train Loss: 0.0009907965644186344
Epoch159 Val Loss: 0.013819117722382502


Epoch160 Train Loss: 0.0009883238360717634
Epoch160 Val Loss: 0.013662301455483292


Epoch161 Train Loss: 0.0009952595718542836
Epoch161 Val Loss: 0.013857833717180334


Epoch162 Train Loss: 0.0009915908122485157
Epoch162 Val Loss: 0.013555615610284767


Epoch163 Train Loss: 0.0009822811340114061
Epoch163 Val Loss: 0.0143444435045182


Epoch164 Train Loss: 0.0009821547384077113
Epoch164 Val Loss: 0.013703670730625374


Epoch165 Train Loss: 0.0009872338061414846
Epoch165 Val Loss: 0.014151634965018322


Epoch166 Train Loss: 0.0009979996022295313
Epoch166 Val Loss: 0.014109882048781525


Epoch167 Train Loss: 0.0009924858457435286
Epoch167 Val Loss: 0.013914792002111242


Epoch168 Train Loss: 0.0009947058036688375
Epoch168 Val Loss: 0.013641050043706053


Epoch169 Train Loss: 0.0009840600709254599
Epoch169 Val Loss: 0.013555626732165949


Epoch170 Train Loss: 0.0009848612719083247
Epoch170 Val Loss: 0.013630160966173933


Epoch171 Train Loss: 0.0009905085201912826
Epoch171 Val Loss: 0.014132790630671032


Epoch172 Train Loss: 0.0009904140549233
Epoch172 Val Loss: 0.013509046634823595


Epoch173 Train Loss: 0.0009915655828815553
Epoch173 Val Loss: 0.013491445919192041


Epoch174 Train Loss: 0.000996082806695335
Epoch174 Val Loss: 0.014432968319012085


Epoch175 Train Loss: 0.0009862206560083628
Epoch175 Val Loss: 0.013114296439765156


Epoch176 Train Loss: 0.0009845863650215067
Epoch176 Val Loss: 0.01345090167560125


Epoch177 Train Loss: 0.0009878936460923275
Epoch177 Val Loss: 0.013534110304512997


Epoch178 Train Loss: 0.0009879773426859724
Epoch178 Val Loss: 0.013824557048687037


Epoch179 Train Loss: 0.000988959695935273
Epoch179 Val Loss: 0.013651903399679815


Epoch180 Train Loss: 0.0009890434467336544
Epoch180 Val Loss: 0.014279361573760845


Epoch181 Train Loss: 0.0009885931983942677
Epoch181 Val Loss: 0.013948267823936754


Epoch182 Train Loss: 0.0009857112537387887
Epoch182 Val Loss: 0.013680052380316814


Epoch183 Train Loss: 0.0009877925723268172
Epoch183 Val Loss: 0.013763667154217897


Epoch184 Train Loss: 0.0009833527569532723
Epoch184 Val Loss: 0.013974144357859068


Epoch185 Train Loss: 0.0009940609654664335
Epoch185 Val Loss: 0.013991689110697494


Epoch186 Train Loss: 0.000986207592960635
Epoch186 Val Loss: 0.01430442830123135


Epoch187 Train Loss: 0.0009972465975571436
Epoch187 Val Loss: 0.013782178970821918


Epoch188 Train Loss: 0.0009952609481624906
Epoch188 Val Loss: 0.013809728655811983


Epoch189 Train Loss: 0.0009899428551311514
Epoch189 Val Loss: 0.014305721227280865


Epoch190 Train Loss: 0.0009841236332137644
Epoch190 Val Loss: 0.013842812885330286


Epoch191 Train Loss: 0.0009929861357782259
Epoch191 Val Loss: 0.013738563438884825


Epoch192 Train Loss: 0.0009916599790715504
Epoch192 Val Loss: 0.013449141866133617


Epoch193 Train Loss: 0.0009784840569943072
Epoch193 Val Loss: 0.013728687463620277


Epoch194 Train Loss: 0.0009925875056252965
Epoch194 Val Loss: 0.01384139482093894


Epoch195 Train Loss: 0.0009850826220181462
Epoch195 Val Loss: 0.013936965577844261


Epoch196 Train Loss: 0.0009858468135786522
Epoch196 Val Loss: 0.013652978629384274


Epoch197 Train Loss: 0.0009894529596259024
Epoch197 Val Loss: 0.013492560865693727


Epoch198 Train Loss: 0.0009781758002026084
Epoch198 Val Loss: 0.014216542999813522


Epoch199 Train Loss: 0.0009946772797482693
Epoch199 Val Loss: 0.013946300006823734


Epoch200 Train Loss: 0.0009790566025671993
Epoch200 Val Loss: 0.013658105639915064


Saved plots
